[debug] [2022-06-18T16:11:26.989Z] ----------------------------------------------------------------------
[debug] [2022-06-18T16:11:26.992Z] Command:       C:\Program Files\nodejs\node.exe C:\Program Files\nodejs\node_modules\firebase-tools\lib\bin\firebase.js emulators:start
[debug] [2022-06-18T16:11:26.992Z] CLI Version:   11.1.0
[debug] [2022-06-18T16:11:26.992Z] Platform:      win32
[debug] [2022-06-18T16:11:26.992Z] Node Version:  v16.14.0
[debug] [2022-06-18T16:11:26.993Z] Time:          Sun Jun 19 2022 00:11:26 GMT+0800 (China Standard Time)
[debug] [2022-06-18T16:11:26.994Z] ----------------------------------------------------------------------
[debug] 
[debug] [2022-06-18T16:11:27.081Z] > command requires scopes: ["email","openid","https://www.googleapis.com/auth/cloudplatformprojects.readonly","https://www.googleapis.com/auth/firebase","https://www.googleapis.com/auth/cloud-platform"]
[debug] [2022-06-18T16:11:27.082Z] > authorizing via signed-in user (renzovisperas07@gmail.com)
[debug] [2022-06-18T16:11:27.234Z] java version "18" 2022-03-22

[debug] [2022-06-18T16:11:27.235Z] Java(TM) SE Runtime Environment (build 18+36-2087)
Java HotSpot(TM) 64-Bit Server VM (build 18+36-2087, mixed mode, sharing)

[debug] [2022-06-18T16:11:27.251Z] Parsed Java major version: 18
[info] i  emulators: Starting emulators: functions, firestore, storage {"metadata":{"emulator":{"name":"hub"},"message":"Starting emulators: functions, firestore, storage"}}
[debug] [2022-06-18T16:11:27.266Z] [hub] writing locator at C:\Users\renzo\AppData\Local\Temp\hub-myfavorites-17746.json
[warn] !  functions: The following emulators are not running, calls to these services from the Functions emulator will affect production: auth, database, hosting, pubsub {"metadata":{"emulator":{"name":"functions"},"message":"The following emulators are not running, calls to these services from the Functions emulator will affect production: \u001b[1mauth, database, hosting, pubsub\u001b[22m"}}
[info] +  functions: Using node@16 from host. {"metadata":{"emulator":{"name":"functions"},"message":"Using node@16 from host."}}
[debug] [2022-06-18T16:11:27.296Z] defaultcredentials: writing to file C:\Users\renzo\AppData\Roaming\firebase\renzovisperas07_gmail_com_application_default_credentials.json
[debug] [2022-06-18T16:11:27.297Z] Setting GAC to C:\Users\renzo\AppData\Roaming\firebase\renzovisperas07_gmail_com_application_default_credentials.json {"metadata":{"emulator":{"name":"functions"},"message":"Setting GAC to C:\\Users\\renzo\\AppData\\Roaming\\firebase\\renzovisperas07_gmail_com_application_default_credentials.json"}}
[debug] [2022-06-18T16:11:27.300Z] >>> [apiv2][query] GET https://firebase.googleapis.com/v1beta1/projects/myfavorites-17746/adminSdkConfig [none]
[debug] [2022-06-18T16:11:27.633Z] <<< [apiv2][status] GET https://firebase.googleapis.com/v1beta1/projects/myfavorites-17746/adminSdkConfig 200
[debug] [2022-06-18T16:11:27.633Z] <<< [apiv2][body] GET https://firebase.googleapis.com/v1beta1/projects/myfavorites-17746/adminSdkConfig {"projectId":"myfavorites-17746","storageBucket":"myfavorites-17746.appspot.com","locationId":"us-central"}
[debug] [2022-06-18T16:11:27.690Z] Ignoring unsupported arg: projectId {"metadata":{"emulator":{"name":"firestore"},"message":"Ignoring unsupported arg: projectId"}}
[debug] [2022-06-18T16:11:27.690Z] Ignoring unsupported arg: auto_download {"metadata":{"emulator":{"name":"firestore"},"message":"Ignoring unsupported arg: auto_download"}}
[debug] [2022-06-18T16:11:27.690Z] Starting Firestore Emulator with command {"binary":"java","args":["-Dgoogle.cloud_firestore.debug_log_level=FINE","-Duser.language=en","-jar","C:\\Users\\renzo\\.cache\\firebase\\emulators\\cloud-firestore-emulator-v1.14.3.jar","--host","localhost","--port",8080,"--rules","C:\\Users\\renzo\\Documents\\Code\\favourite-dishes\\firestore.rules","--functions_emulator","localhost:5001"],"optionalArgs":["port","webchannel_port","host","rules","functions_emulator","seed_from_export"],"joinArgs":false} {"metadata":{"emulator":{"name":"firestore"},"message":"Starting Firestore Emulator with command {\"binary\":\"java\",\"args\":[\"-Dgoogle.cloud_firestore.debug_log_level=FINE\",\"-Duser.language=en\",\"-jar\",\"C:\\\\Users\\\\renzo\\\\.cache\\\\firebase\\\\emulators\\\\cloud-firestore-emulator-v1.14.3.jar\",\"--host\",\"localhost\",\"--port\",8080,\"--rules\",\"C:\\\\Users\\\\renzo\\\\Documents\\\\Code\\\\favourite-dishes\\\\firestore.rules\",\"--functions_emulator\",\"localhost:5001\"],\"optionalArgs\":[\"port\",\"webchannel_port\",\"host\",\"rules\",\"functions_emulator\",\"seed_from_export\"],\"joinArgs\":false}"}}
[info] i  firestore: Firestore Emulator logging to firestore-debug.log {"metadata":{"emulator":{"name":"firestore"},"message":"Firestore Emulator logging to \u001b[1mfirestore-debug.log\u001b[22m"}}
[debug] [2022-06-18T16:11:29.598Z] Ignoring unsupported arg: port {"metadata":{"emulator":{"name":"storage"},"message":"Ignoring unsupported arg: port"}}
[debug] [2022-06-18T16:11:31.336Z] Temp file directory for storage emulator: C:\Users\renzo\AppData\Local\Temp/firebase/storage/blobs {"metadata":{"emulator":{"name":"storage"},"message":"Temp file directory for storage emulator: C:\\Users\\renzo\\AppData\\Local\\Temp/firebase/storage/blobs"}}
[debug] [2022-06-18T16:11:31.358Z] Ignoring unsupported arg: auto_download {"metadata":{"emulator":{"name":"ui"},"message":"Ignoring unsupported arg: auto_download"}}
[debug] [2022-06-18T16:11:31.359Z] Ignoring unsupported arg: port {"metadata":{"emulator":{"name":"ui"},"message":"Ignoring unsupported arg: port"}}
[debug] [2022-06-18T16:11:31.359Z] Starting Emulator UI with command {"binary":"node","args":["--dns-result-order=ipv4first","C:\\Users\\renzo\\.cache\\firebase\\emulators\\ui-v1.7.0\\server.bundle.js"],"optionalArgs":[],"joinArgs":false} {"metadata":{"emulator":{"name":"ui"},"message":"Starting Emulator UI with command {\"binary\":\"node\",\"args\":[\"--dns-result-order=ipv4first\",\"C:\\\\Users\\\\renzo\\\\.cache\\\\firebase\\\\emulators\\\\ui-v1.7.0\\\\server.bundle.js\"],\"optionalArgs\":[],\"joinArgs\":false}"}}
[info] i  ui: Emulator UI logging to ui-debug.log {"metadata":{"emulator":{"name":"ui"},"message":"Emulator UI logging to \u001b[1mui-debug.log\u001b[22m"}}
[debug] [2022-06-18T16:11:31.629Z] Web / API server started at localhost:4000
 {"metadata":{"emulator":{"name":"ui"},"message":"Web / API server started at localhost:4000\n"}}
[info] i  functions: Watching "C:\Users\renzo\Documents\Code\favourite-dishes\functions" for Cloud Functions... {"metadata":{"emulator":{"name":"functions"},"message":"Watching \"C:\\Users\\renzo\\Documents\\Code\\favourite-dishes\\functions\" for Cloud Functions..."}}
[debug] [2022-06-18T16:11:31.650Z] Validating nodejs source
[debug] [2022-06-18T16:11:36.740Z] > [functions] package.json contents: {
  "name": "functions",
  "scripts": {
    "lint": "eslint --ext .js,.ts .",
    "build": "tsc",
    "build:watch": "tsc --watch",
    "serve": "npm run build && firebase emulators:start --only functions",
    "shell": "npm run build && firebase functions:shell",
    "start": "npm run shell",
    "deploy": "firebase deploy --only functions",
    "logs": "firebase functions:log"
  },
  "engines": {
    "node": "16"
  },
  "main": "lib/index.js",
  "dependencies": {
    "@types/child-process-promise": "^2.2.2",
    "@types/mkdirp": "^1.0.2",
    "child-process-promise": "^2.2.1",
    "firebase-admin": "^10.0.2",
    "firebase-functions": "^3.18.0",
    "mkdirp": "^1.0.4"
  },
  "devDependencies": {
    "@typescript-eslint/eslint-plugin": "^5.12.0",
    "@typescript-eslint/parser": "^5.12.0",
    "eslint": "^8.9.0",
    "eslint-config-google": "^0.14.0",
    "eslint-plugin-import": "^2.25.4",
    "firebase-functions-test": "^0.2.0",
    "prettier": "^2.7.1",
    "typescript": "^4.5.4"
  },
  "private": true
}
[debug] [2022-06-18T16:11:36.740Z] Building nodejs source
[debug] [2022-06-18T16:11:36.741Z] Analyzing nodejs backend spec
[debug] [2022-06-18T16:11:36.743Z] Could not find functions.yaml. Must use http discovery
[debug] [2022-06-18T16:11:37.146Z] Serving at port 9005

[debug] [2022-06-18T16:11:37.271Z] Got response from /__/functions.yaml {"endpoints":{"generateThumbnail":{"platform":"gcfv1","eventTrigger":{"eventType":"google.storage.object.finalize","eventFilters":{"resource":"projects/_/buckets/myfavorites-17746.appspot.com"},"retry":false},"labels":{},"entryPoint":"generateThumbnail"}},"specVersion":"v1alpha1","requiredAPIs":[]}
[debug] [2022-06-18T16:11:37.284Z] shutdown requested via /__/quitquitquit

[debug] [2022-06-18T16:11:37.295Z] addStorageTrigger {"eventTrigger":{"eventType":"google.storage.object.finalize","resource":"projects/_/buckets/myfavorites-17746.appspot.com"}}
[info] +  functions[us-central1-generateThumbnail]: storage function initialized. {"metadata":{"emulator":{"name":"functions"},"message":"\u001b[1mstorage\u001b[22m function initialized."}}
[info] 
┌─────────────────────────────────────────────────────────────┐
│ ✔  All emulators ready! It is now safe to connect your app. │
│ i  View Emulator UI at http://localhost:4000                │
└─────────────────────────────────────────────────────────────┘

┌───────────┬────────────────┬─────────────────────────────────┐
│ Emulator  │ Host:Port      │ View in Emulator UI             │
├───────────┼────────────────┼─────────────────────────────────┤
│ Functions │ localhost:5001 │ http://localhost:4000/functions │
├───────────┼────────────────┼─────────────────────────────────┤
│ Firestore │ localhost:8080 │ http://localhost:4000/firestore │
├───────────┼────────────────┼─────────────────────────────────┤
│ Storage   │ localhost:9199 │ http://localhost:4000/storage   │
└───────────┴────────────────┴─────────────────────────────────┘
  Emulator Hub running at localhost:4400
  Other reserved ports: 4500

Issues? Report them at https://github.com/firebase/firebase-tools/issues and attach the *-debug.log files.
 
[info] i  storage: Change detected, updating rules for Cloud Storage... {"metadata":{"emulator":{"name":"storage"},"message":"Change detected, updating rules for Cloud Storage..."}}
[debug] [2022-06-18T16:12:57.858Z] >>> [apiv2][query] POST http://localhost:5001/functions/projects/myfavorites-17746/trigger_multicast [none]
[debug] [2022-06-18T16:12:57.858Z] >>> [apiv2][body] POST http://localhost:5001/functions/projects/myfavorites-17746/trigger_multicast {"eventId":"1655568777856","timestamp":"2022-06-19T00:12:57.856Z","eventType":"google.storage.object.finalize","resource":{"service":"storage.googleapis.com","name":"projects/_/buckets/myfavorites-17746.appspot.com/objects/images/1498da24-9e48-4195-ba72-c27d6b565102-Banana-Single.jpg","type":"storage#object"},"data":{"kind":"#storage#object","name":"images/1498da24-9e48-4195-ba72-c27d6b565102-Banana-Single.jpg","bucket":"myfavorites-17746.appspot.com","generation":"1655568777838","metageneration":"1","contentType":"image/jpeg","contentDisposition":"inline","timeCreated":"2022-06-19T00:12:57.837Z","updated":"2022-06-19T00:12:57.848Z","storageClass":"STANDARD","size":"2085213","md5Hash":"PL9psEL4DmSkBNPiNWcYmQ==","etag":"Hri+tFjqsDQCwpHmInLj9NjKD/s","cacheControl":"public, max-age=3600","contentEncoding":"identity","crc32c":"----Sw==","timeStorageClassUpdated":"2022-06-19T00:12:57.837Z","id":"myfavorites-17746.appspot.com/images/1498da24-9e48-4195-ba72-c27d6b565102-Banana-Single.jpg/1655568777838","selfLink":"http://localhost:9199/storage/v1/b/myfavorites-17746.appspot.com/o/images%2F1498da24-9e48-4195-ba72-c27d6b565102-Banana-Single.jpg","mediaLink":"http://localhost:9199/download/storage/v1/b/myfavorites-17746.appspot.com/o/images%2F1498da24-9e48-4195-ba72-c27d6b565102-Banana-Single.jpg?generation=1655568777838&alt=media"}}
[debug] [2022-06-18T16:12:57.864Z] [work-queue] {"queueLength":1,"workRunningCount":0}
[debug] [2022-06-18T16:12:57.864Z] [work-queue] {"queueLength":0,"workRunningCount":1}
[debug] [2022-06-18T16:12:57.865Z] Accepted multicast request POST /functions/projects/myfavorites-17746/trigger_multicast --> us-central1-generateThumbnail-0 {"metadata":{"emulator":{"name":"functions"},"message":"Accepted multicast request POST /functions/projects/myfavorites-17746/trigger_multicast --> us-central1-generateThumbnail-0"}}
[debug] [2022-06-18T16:12:57.880Z] [worker-pool] addWorker(us-central1-generateThumbnail) {"metadata":{"emulator":{"name":"functions"},"message":"[worker-pool] addWorker(us-central1-generateThumbnail)"}}
[debug] [2022-06-18T16:12:57.880Z] [worker-pool] Adding worker with key us-central1-generateThumbnail, total=1 {"metadata":{"emulator":{"name":"functions"},"message":"[worker-pool] Adding worker with key us-central1-generateThumbnail, total=1"}}
[debug] [2022-06-18T16:12:57.881Z] [worker-pool] submitWork(triggerId=us-central1-generateThumbnail) {"metadata":{"emulator":{"name":"functions"},"message":"[worker-pool] submitWork(triggerId=us-central1-generateThumbnail)"}}
[debug] [2022-06-18T16:12:57.881Z] [worker-us-central1-generateThumbnail-7a93c67f-91d7-4af7-9e9e-8a5111a5f336]: Assigning socketPath: \\?\pipe\C:\Users\renzo\Documents\Code\favourite-dishes\functions\11644 {"metadata":{"emulator":{"name":"functions"},"message":"[worker-us-central1-generateThumbnail-7a93c67f-91d7-4af7-9e9e-8a5111a5f336]: Assigning socketPath: \\\\?\\pipe\\C:\\Users\\renzo\\Documents\\Code\\favourite-dishes\\functions\\11644"}}
[debug] [2022-06-18T16:12:57.882Z] [worker-us-central1-generateThumbnail-7a93c67f-91d7-4af7-9e9e-8a5111a5f336]: BUSY {"metadata":{"emulator":{"name":"functions"},"message":"[worker-us-central1-generateThumbnail-7a93c67f-91d7-4af7-9e9e-8a5111a5f336]: BUSY"}}
[debug] [2022-06-18T16:12:57.888Z] <<< [apiv2][status] POST http://localhost:5001/functions/projects/myfavorites-17746/trigger_multicast 200
[debug] [2022-06-18T16:12:57.889Z] <<< [apiv2][body] POST http://localhost:5001/functions/projects/myfavorites-17746/trigger_multicast {"status":"multicast_acknowledged"}
[debug] [2022-06-18T16:12:57.889Z] >>> [apiv2][query] POST http://localhost:5001/functions/projects/myfavorites-17746/trigger_multicast [none]
[debug] [2022-06-18T16:12:57.889Z] >>> [apiv2][body] POST http://localhost:5001/functions/projects/myfavorites-17746/trigger_multicast {"specversion":"1","id":"1b643350-0163-4052-8fb3-e6cecc1bfd4d","type":"google.cloud.storage.object.v1.finalized","source":"//storage.googleapis.com/projects/_/buckets/myfavorites-17746.appspot.com/objects/images/1498da24-9e48-4195-ba72-c27d6b565102-Banana-Single.jpg","time":"2022-06-19T00:12:57.848Z","data":{"kind":"#storage#object","name":"images/1498da24-9e48-4195-ba72-c27d6b565102-Banana-Single.jpg","bucket":"myfavorites-17746.appspot.com","generation":"1655568777838","metageneration":"1","contentType":"image/jpeg","contentDisposition":"inline","timeCreated":"2022-06-19T00:12:57.837Z","updated":"2022-06-19T00:12:57.848Z","storageClass":"STANDARD","size":"2085213","md5Hash":"PL9psEL4DmSkBNPiNWcYmQ==","etag":"Hri+tFjqsDQCwpHmInLj9NjKD/s","cacheControl":"public, max-age=3600","contentEncoding":"identity","crc32c":"----Sw==","timeStorageClassUpdated":"2022-06-19T00:12:57.837Z","id":"myfavorites-17746.appspot.com/images/1498da24-9e48-4195-ba72-c27d6b565102-Banana-Single.jpg/1655568777838","selfLink":"http://localhost:9199/storage/v1/b/myfavorites-17746.appspot.com/o/images%2F1498da24-9e48-4195-ba72-c27d6b565102-Banana-Single.jpg","mediaLink":"http://localhost:9199/download/storage/v1/b/myfavorites-17746.appspot.com/o/images%2F1498da24-9e48-4195-ba72-c27d6b565102-Banana-Single.jpg?generation=1655568777838&alt=media"}}
[debug] [2022-06-18T16:12:57.899Z] <<< [apiv2][status] POST http://localhost:5001/functions/projects/myfavorites-17746/trigger_multicast 200
[debug] [2022-06-18T16:12:57.899Z] <<< [apiv2][body] POST http://localhost:5001/functions/projects/myfavorites-17746/trigger_multicast {"status":"multicast_acknowledged"}
[debug] [2022-06-18T16:13:00.015Z] [runtime-status] [11644] Functions runtime initialized. {"cwd":"C:\\Users\\renzo\\Documents\\Code\\favourite-dishes\\functions","node_version":"16.14.0"} {"metadata":{"emulator":{"name":"functions"},"function":{"name":"us-central1-generateThumbnail"},"extension":{},"message":"[runtime-status] [11644] Functions runtime initialized. {\"cwd\":\"C:\\\\Users\\\\renzo\\\\Documents\\\\Code\\\\favourite-dishes\\\\functions\",\"node_version\":\"16.14.0\"}"}}
[debug] [2022-06-18T16:13:00.016Z] [runtime-status] [11644] Disabled runtime features: undefined {"metadata":{"emulator":{"name":"functions"},"function":{"name":"us-central1-generateThumbnail"},"extension":{},"message":"[runtime-status] [11644] Disabled runtime features: undefined"}}
[debug] [2022-06-18T16:13:00.022Z] [runtime-status] [11644] Resolved module firebase-admin {"declared":true,"installed":true,"version":"10.3.0","resolution":"C:\\Users\\renzo\\Documents\\Code\\favourite-dishes\\functions\\node_modules\\firebase-admin\\lib\\index.js"} {"metadata":{"emulator":{"name":"functions"},"function":{"name":"us-central1-generateThumbnail"},"extension":{},"message":"[runtime-status] [11644] Resolved module firebase-admin {\"declared\":true,\"installed\":true,\"version\":\"10.3.0\",\"resolution\":\"C:\\\\Users\\\\renzo\\\\Documents\\\\Code\\\\favourite-dishes\\\\functions\\\\node_modules\\\\firebase-admin\\\\lib\\\\index.js\"}"}}
[debug] [2022-06-18T16:13:00.024Z] [runtime-status] [11644] Resolved module firebase-functions {"declared":true,"installed":true,"version":"3.21.2","resolution":"C:\\Users\\renzo\\Documents\\Code\\favourite-dishes\\functions\\node_modules\\firebase-functions\\lib\\index.js"} {"metadata":{"emulator":{"name":"functions"},"function":{"name":"us-central1-generateThumbnail"},"extension":{},"message":"[runtime-status] [11644] Resolved module firebase-functions {\"declared\":true,\"installed\":true,\"version\":\"3.21.2\",\"resolution\":\"C:\\\\Users\\\\renzo\\\\Documents\\\\Code\\\\favourite-dishes\\\\functions\\\\node_modules\\\\firebase-functions\\\\lib\\\\index.js\"}"}}
[debug] [2022-06-18T16:13:00.025Z] [runtime-status] [11644] Outgoing network have been stubbed. [{"name":"http","status":"mocked"},{"name":"http","status":"mocked"},{"name":"https","status":"mocked"},{"name":"https","status":"mocked"},{"name":"net","status":"mocked"}] {"metadata":{"emulator":{"name":"functions"},"function":{"name":"us-central1-generateThumbnail"},"extension":{},"message":"[runtime-status] [11644] Outgoing network have been stubbed. [{\"name\":\"http\",\"status\":\"mocked\"},{\"name\":\"http\",\"status\":\"mocked\"},{\"name\":\"https\",\"status\":\"mocked\"},{\"name\":\"https\",\"status\":\"mocked\"},{\"name\":\"net\",\"status\":\"mocked\"}]"}}
[debug] [2022-06-18T16:13:00.026Z] [runtime-status] [11644] Resolved module firebase-functions {"declared":true,"installed":true,"version":"3.21.2","resolution":"C:\\Users\\renzo\\Documents\\Code\\favourite-dishes\\functions\\node_modules\\firebase-functions\\lib\\index.js"} {"metadata":{"emulator":{"name":"functions"},"function":{"name":"us-central1-generateThumbnail"},"extension":{},"message":"[runtime-status] [11644] Resolved module firebase-functions {\"declared\":true,\"installed\":true,\"version\":\"3.21.2\",\"resolution\":\"C:\\\\Users\\\\renzo\\\\Documents\\\\Code\\\\favourite-dishes\\\\functions\\\\node_modules\\\\firebase-functions\\\\lib\\\\index.js\"}"}}
[debug] [2022-06-18T16:13:00.086Z] [runtime-status] [11644] Checked functions.config() {"config":{}} {"metadata":{"emulator":{"name":"functions"},"function":{"name":"us-central1-generateThumbnail"},"extension":{},"message":"[runtime-status] [11644] Checked functions.config() {\"config\":{}}"}}
[debug] [2022-06-18T16:13:00.086Z] [runtime-status] [11644] firebase-functions has been stubbed. {"functionsResolution":{"declared":true,"installed":true,"version":"3.21.2","resolution":"C:\\Users\\renzo\\Documents\\Code\\favourite-dishes\\functions\\node_modules\\firebase-functions\\lib\\index.js"}} {"metadata":{"emulator":{"name":"functions"},"function":{"name":"us-central1-generateThumbnail"},"extension":{},"message":"[runtime-status] [11644] firebase-functions has been stubbed. {\"functionsResolution\":{\"declared\":true,\"installed\":true,\"version\":\"3.21.2\",\"resolution\":\"C:\\\\Users\\\\renzo\\\\Documents\\\\Code\\\\favourite-dishes\\\\functions\\\\node_modules\\\\firebase-functions\\\\lib\\\\index.js\"}}"}}
[debug] [2022-06-18T16:13:00.087Z] [runtime-status] [11644] Resolved module firebase-functions {"declared":true,"installed":true,"version":"3.21.2","resolution":"C:\\Users\\renzo\\Documents\\Code\\favourite-dishes\\functions\\node_modules\\firebase-functions\\lib\\index.js"} {"metadata":{"emulator":{"name":"functions"},"function":{"name":"us-central1-generateThumbnail"},"extension":{},"message":"[runtime-status] [11644] Resolved module firebase-functions {\"declared\":true,\"installed\":true,\"version\":\"3.21.2\",\"resolution\":\"C:\\\\Users\\\\renzo\\\\Documents\\\\Code\\\\favourite-dishes\\\\functions\\\\node_modules\\\\firebase-functions\\\\lib\\\\index.js\"}"}}
[debug] [2022-06-18T16:13:00.089Z] [runtime-status] [11644] Resolved module firebase-admin {"declared":true,"installed":true,"version":"10.3.0","resolution":"C:\\Users\\renzo\\Documents\\Code\\favourite-dishes\\functions\\node_modules\\firebase-admin\\lib\\index.js"} {"metadata":{"emulator":{"name":"functions"},"function":{"name":"us-central1-generateThumbnail"},"extension":{},"message":"[runtime-status] [11644] Resolved module firebase-admin {\"declared\":true,\"installed\":true,\"version\":\"10.3.0\",\"resolution\":\"C:\\\\Users\\\\renzo\\\\Documents\\\\Code\\\\favourite-dishes\\\\functions\\\\node_modules\\\\firebase-admin\\\\lib\\\\index.js\"}"}}
[debug] [2022-06-18T16:13:00.090Z] [runtime-status] [11644] Resolved module firebase-functions {"declared":true,"installed":true,"version":"3.21.2","resolution":"C:\\Users\\renzo\\Documents\\Code\\favourite-dishes\\functions\\node_modules\\firebase-functions\\lib\\index.js"} {"metadata":{"emulator":{"name":"functions"},"function":{"name":"us-central1-generateThumbnail"},"extension":{},"message":"[runtime-status] [11644] Resolved module firebase-functions {\"declared\":true,\"installed\":true,\"version\":\"3.21.2\",\"resolution\":\"C:\\\\Users\\\\renzo\\\\Documents\\\\Code\\\\favourite-dishes\\\\functions\\\\node_modules\\\\firebase-functions\\\\lib\\\\index.js\"}"}}
[debug] [2022-06-18T16:13:00.090Z] [runtime-status] [11644] firebase-admin has been stubbed. {"adminResolution":{"declared":true,"installed":true,"version":"10.3.0","resolution":"C:\\Users\\renzo\\Documents\\Code\\favourite-dishes\\functions\\node_modules\\firebase-admin\\lib\\index.js"}} {"metadata":{"emulator":{"name":"functions"},"function":{"name":"us-central1-generateThumbnail"},"extension":{},"message":"[runtime-status] [11644] firebase-admin has been stubbed. {\"adminResolution\":{\"declared\":true,\"installed\":true,\"version\":\"10.3.0\",\"resolution\":\"C:\\\\Users\\\\renzo\\\\Documents\\\\Code\\\\favourite-dishes\\\\functions\\\\node_modules\\\\firebase-admin\\\\lib\\\\index.js\"}}"}}
[debug] [2022-06-18T16:13:00.098Z] [runtime-status] [11644] initializeApp(DEFAULT) {"storageBucket":"myfavorites-17746.appspot.com","projectId":"myfavorites-17746"} {"metadata":{"emulator":{"name":"functions"},"function":{"name":"us-central1-generateThumbnail"},"extension":{},"message":"[runtime-status] [11644] initializeApp(DEFAULT) {\"storageBucket\":\"myfavorites-17746.appspot.com\",\"projectId\":\"myfavorites-17746\"}"}}
[debug] [2022-06-18T16:13:00.114Z] [runtime-status] [11644] Beginning invocation function generateThumbnail! {"metadata":{"emulator":{"name":"functions"},"function":{"name":"us-central1-generateThumbnail"},"extension":{},"message":"[runtime-status] [11644] Beginning invocation function generateThumbnail!"}}
[info] i  functions: Beginning execution of "generateThumbnail" {"metadata":{"emulator":{"name":"functions"},"function":{"name":"us-central1-generateThumbnail"},"extension":{},"message":"Beginning execution of \"generateThumbnail\""}}
[debug] [2022-06-18T16:13:00.115Z] [runtime-status] [11644] Running generateThumbnail in signature event {"metadata":{"emulator":{"name":"functions"},"function":{"name":"us-central1-generateThumbnail"},"extension":{},"message":"[runtime-status] [11644] Running generateThumbnail in signature event"}}
[debug] [2022-06-18T16:13:00.115Z] [runtime-status] [11644] ProcessBackground {"eventId":"1655568777856","timestamp":"2022-06-19T00:12:57.856Z","eventType":"google.storage.object.finalize","resource":{"service":"storage.googleapis.com","name":"projects/_/buckets/myfavorites-17746.appspot.com/objects/images/1498da24-9e48-4195-ba72-c27d6b565102-Banana-Single.jpg","type":"storage#object"},"data":{"kind":"#storage#object","name":"images/1498da24-9e48-4195-ba72-c27d6b565102-Banana-Single.jpg","bucket":"myfavorites-17746.appspot.com","generation":"1655568777838","metageneration":"1","contentType":"image/jpeg","contentDisposition":"inline","timeCreated":"2022-06-19T00:12:57.837Z","updated":"2022-06-19T00:12:57.848Z","storageClass":"STANDARD","size":"2085213","md5Hash":"PL9psEL4DmSkBNPiNWcYmQ==","etag":"Hri+tFjqsDQCwpHmInLj9NjKD/s","cacheControl":"public, max-age=3600","contentEncoding":"identity","crc32c":"----Sw==","timeStorageClassUpdated":"2022-06-19T00:12:57.837Z","id":"myfavorites-17746.appspot.com/images/1498da24-9e48-4195-ba72-c27d6b565102-Banana-Single.jpg/1655568777838","selfLink":"http://localhost:9199/storage/v1/b/myfavorites-17746.appspot.com/o/images%2F1498da24-9e48-4195-ba72-c27d6b565102-Banana-Single.jpg","mediaLink":"http://localhost:9199/download/storage/v1/b/myfavorites-17746.appspot.com/o/images%2F1498da24-9e48-4195-ba72-c27d6b565102-Banana-Single.jpg?generation=1655568777838&alt=media"}} {"metadata":{"emulator":{"name":"functions"},"function":{"name":"us-central1-generateThumbnail"},"extension":{},"message":"[runtime-status] [11644] ProcessBackground {\"eventId\":\"1655568777856\",\"timestamp\":\"2022-06-19T00:12:57.856Z\",\"eventType\":\"google.storage.object.finalize\",\"resource\":{\"service\":\"storage.googleapis.com\",\"name\":\"projects/_/buckets/myfavorites-17746.appspot.com/objects/images/1498da24-9e48-4195-ba72-c27d6b565102-Banana-Single.jpg\",\"type\":\"storage#object\"},\"data\":{\"kind\":\"#storage#object\",\"name\":\"images/1498da24-9e48-4195-ba72-c27d6b565102-Banana-Single.jpg\",\"bucket\":\"myfavorites-17746.appspot.com\",\"generation\":\"1655568777838\",\"metageneration\":\"1\",\"contentType\":\"image/jpeg\",\"contentDisposition\":\"inline\",\"timeCreated\":\"2022-06-19T00:12:57.837Z\",\"updated\":\"2022-06-19T00:12:57.848Z\",\"storageClass\":\"STANDARD\",\"size\":\"2085213\",\"md5Hash\":\"PL9psEL4DmSkBNPiNWcYmQ==\",\"etag\":\"Hri+tFjqsDQCwpHmInLj9NjKD/s\",\"cacheControl\":\"public, max-age=3600\",\"contentEncoding\":\"identity\",\"crc32c\":\"----Sw==\",\"timeStorageClassUpdated\":\"2022-06-19T00:12:57.837Z\",\"id\":\"myfavorites-17746.appspot.com/images/1498da24-9e48-4195-ba72-c27d6b565102-Banana-Single.jpg/1655568777838\",\"selfLink\":\"http://localhost:9199/storage/v1/b/myfavorites-17746.appspot.com/o/images%2F1498da24-9e48-4195-ba72-c27d6b565102-Banana-Single.jpg\",\"mediaLink\":\"http://localhost:9199/download/storage/v1/b/myfavorites-17746.appspot.com/o/images%2F1498da24-9e48-4195-ba72-c27d6b565102-Banana-Single.jpg?generation=1655568777838&alt=media\"}}"}}
[debug] [2022-06-18T16:13:00.115Z] [runtime-status] [11644] RunBackground {"data":{"kind":"#storage#object","name":"images/1498da24-9e48-4195-ba72-c27d6b565102-Banana-Single.jpg","bucket":"myfavorites-17746.appspot.com","generation":"1655568777838","metageneration":"1","contentType":"image/jpeg","contentDisposition":"inline","timeCreated":"2022-06-19T00:12:57.837Z","updated":"2022-06-19T00:12:57.848Z","storageClass":"STANDARD","size":"2085213","md5Hash":"PL9psEL4DmSkBNPiNWcYmQ==","etag":"Hri+tFjqsDQCwpHmInLj9NjKD/s","cacheControl":"public, max-age=3600","contentEncoding":"identity","crc32c":"----Sw==","timeStorageClassUpdated":"2022-06-19T00:12:57.837Z","id":"myfavorites-17746.appspot.com/images/1498da24-9e48-4195-ba72-c27d6b565102-Banana-Single.jpg/1655568777838","selfLink":"http://localhost:9199/storage/v1/b/myfavorites-17746.appspot.com/o/images%2F1498da24-9e48-4195-ba72-c27d6b565102-Banana-Single.jpg","mediaLink":"http://localhost:9199/download/storage/v1/b/myfavorites-17746.appspot.com/o/images%2F1498da24-9e48-4195-ba72-c27d6b565102-Banana-Single.jpg?generation=1655568777838&alt=media"},"context":{"eventId":"1655568777856","timestamp":"2022-06-19T00:12:57.856Z","eventType":"google.storage.object.finalize","resource":{"service":"storage.googleapis.com","name":"projects/_/buckets/myfavorites-17746.appspot.com/objects/images/1498da24-9e48-4195-ba72-c27d6b565102-Banana-Single.jpg","type":"storage#object"}}} {"metadata":{"emulator":{"name":"functions"},"function":{"name":"us-central1-generateThumbnail"},"extension":{},"message":"[runtime-status] [11644] RunBackground {\"data\":{\"kind\":\"#storage#object\",\"name\":\"images/1498da24-9e48-4195-ba72-c27d6b565102-Banana-Single.jpg\",\"bucket\":\"myfavorites-17746.appspot.com\",\"generation\":\"1655568777838\",\"metageneration\":\"1\",\"contentType\":\"image/jpeg\",\"contentDisposition\":\"inline\",\"timeCreated\":\"2022-06-19T00:12:57.837Z\",\"updated\":\"2022-06-19T00:12:57.848Z\",\"storageClass\":\"STANDARD\",\"size\":\"2085213\",\"md5Hash\":\"PL9psEL4DmSkBNPiNWcYmQ==\",\"etag\":\"Hri+tFjqsDQCwpHmInLj9NjKD/s\",\"cacheControl\":\"public, max-age=3600\",\"contentEncoding\":\"identity\",\"crc32c\":\"----Sw==\",\"timeStorageClassUpdated\":\"2022-06-19T00:12:57.837Z\",\"id\":\"myfavorites-17746.appspot.com/images/1498da24-9e48-4195-ba72-c27d6b565102-Banana-Single.jpg/1655568777838\",\"selfLink\":\"http://localhost:9199/storage/v1/b/myfavorites-17746.appspot.com/o/images%2F1498da24-9e48-4195-ba72-c27d6b565102-Banana-Single.jpg\",\"mediaLink\":\"http://localhost:9199/download/storage/v1/b/myfavorites-17746.appspot.com/o/images%2F1498da24-9e48-4195-ba72-c27d6b565102-Banana-Single.jpg?generation=1655568777838&alt=media\"},\"context\":{\"eventId\":\"1655568777856\",\"timestamp\":\"2022-06-19T00:12:57.856Z\",\"eventType\":\"google.storage.object.finalize\",\"resource\":{\"service\":\"storage.googleapis.com\",\"name\":\"projects/_/buckets/myfavorites-17746.appspot.com/objects/images/1498da24-9e48-4195-ba72-c27d6b565102-Banana-Single.jpg\",\"type\":\"storage#object\"}}}"}}
[info] >  {"severity":"INFO","message":"The file has been downloaded to C:\\Users\\renzo\\AppData\\Local\\Temp\\images\\1498da24-9e48-4195-ba72-c27d6b565102-Banana-Single.jpg"} {"user":{"severity":"INFO","message":"The file has been downloaded to C:\\Users\\renzo\\AppData\\Local\\Temp\\images\\1498da24-9e48-4195-ba72-c27d6b565102-Banana-Single.jpg"},"metadata":{"emulator":{"name":"functions"},"function":{"name":"us-central1-generateThumbnail"},"extension":{},"message":"\u001b[90m> \u001b[39m {\"severity\":\"INFO\",\"message\":\"The file has been downloaded to C:\\\\Users\\\\renzo\\\\AppData\\\\Local\\\\Temp\\\\images\\\\1498da24-9e48-4195-ba72-c27d6b565102-Banana-Single.jpg\"}"}}
[debug] [2022-06-18T16:13:00.502Z] [runtime-status] [11644] Ephemeral server survived. {"metadata":{"emulator":{"name":"functions"},"function":{"name":"us-central1-generateThumbnail"},"extension":{},"message":"[runtime-status] [11644] Ephemeral server survived."}}
[warn] !  functions: ChildProcessError: `convert C:\Users\renzo\AppData\Local\Temp\images\1498da24-9e48-4195-ba72-c27d6b565102-Banana-Single.jpg -thumbnail 200x200> C:\Users\renzo\AppData\Local\Temp\images\thumb_1498da24-9e48-4195-ba72-c27d6b565102-Banana-Single.jpg` failed with code 4
    at ChildProcess.<anonymous> (C:\Users\renzo\Documents\Code\favourite-dishes\functions\node_modules\child-process-promise\lib\index.js:132:23)
    at ChildProcess.emit (node:events:520:28)
    at ChildProcess.cp.emit (C:\Users\renzo\Documents\Code\favourite-dishes\functions\node_modules\cross-spawn\lib\enoent.js:40:29)
    at maybeClose (node:internal/child_process:1092:16)
    at Process.ChildProcess._handle.onexit (node:internal/child_process:302:5) {"metadata":{"emulator":{"name":"functions"},"function":{"name":"us-central1-generateThumbnail"},"extension":{},"message":"ChildProcessError: `convert C:\\Users\\renzo\\AppData\\Local\\Temp\\images\\1498da24-9e48-4195-ba72-c27d6b565102-Banana-Single.jpg -thumbnail 200x200> C:\\Users\\renzo\\AppData\\Local\\Temp\\images\\thumb_1498da24-9e48-4195-ba72-c27d6b565102-Banana-Single.jpg` failed with code 4\n    at ChildProcess.<anonymous> (C:\\Users\\renzo\\Documents\\Code\\favourite-dishes\\functions\\node_modules\\child-process-promise\\lib\\index.js:132:23)\n    at ChildProcess.emit (node:events:520:28)\n    at ChildProcess.cp.emit (C:\\Users\\renzo\\Documents\\Code\\favourite-dishes\\functions\\node_modules\\cross-spawn\\lib\\enoent.js:40:29)\n    at maybeClose (node:internal/child_process:1092:16)\n    at Process.ChildProcess._handle.onexit (node:internal/child_process:302:5)"}}
[warn] !  Your function was killed because it raised an unhandled error. {"metadata":{"emulator":{"name":"functions"},"function":{"name":"us-central1-generateThumbnail"},"extension":{},"message":"Your function was killed because it raised an unhandled error."}}
[debug] {"code":500,"body":"ChildProcessError: `convert C:\\Users\\renzo\\AppData\\Local\\Temp\\images\\1498da24-9e48-4195-ba72-c27d6b565102-Banana-Single.jpg -thumbnail 200x200> C:\\Users\\renzo\\AppData\\Local\\Temp\\images\\thumb_1498da24-9e48-4195-ba72-c27d6b565102-Banana-Single.jpg` failed with code 4\n    at ChildProcess.<anonymous> (C:\\Users\\renzo\\Documents\\Code\\favourite-dishes\\functions\\node_modules\\child-process-promise\\lib\\index.js:132:23)\n    at ChildProcess.emit (node:events:520:28)\n    at ChildProcess.cp.emit (C:\\Users\\renzo\\Documents\\Code\\favourite-dishes\\functions\\node_modules\\cross-spawn\\lib\\enoent.js:40:29)\n    at maybeClose (node:internal/child_process:1092:16)\n    at Process.ChildProcess._handle.onexit (node:internal/child_process:302:5)"} {"metadata":{"emulator":{"name":"functions"},"message":{"code":500,"body":"ChildProcessError: `convert C:\\Users\\renzo\\AppData\\Local\\Temp\\images\\1498da24-9e48-4195-ba72-c27d6b565102-Banana-Single.jpg -thumbnail 200x200> C:\\Users\\renzo\\AppData\\Local\\Temp\\images\\thumb_1498da24-9e48-4195-ba72-c27d6b565102-Banana-Single.jpg` failed with code 4\n    at ChildProcess.<anonymous> (C:\\Users\\renzo\\Documents\\Code\\favourite-dishes\\functions\\node_modules\\child-process-promise\\lib\\index.js:132:23)\n    at ChildProcess.emit (node:events:520:28)\n    at ChildProcess.cp.emit (C:\\Users\\renzo\\Documents\\Code\\favourite-dishes\\functions\\node_modules\\cross-spawn\\lib\\enoent.js:40:29)\n    at maybeClose (node:internal/child_process:1092:16)\n    at Process.ChildProcess._handle.onexit (node:internal/child_process:302:5)"}}}
[debug] [2022-06-18T16:13:00.506Z] [work-queue] {"queueLength":0,"workRunningCount":0}
[debug] [2022-06-18T16:13:00.518Z] [worker-us-central1-generateThumbnail-7a93c67f-91d7-4af7-9e9e-8a5111a5f336]: exited {"metadata":{"emulator":{"name":"functions"},"message":"[worker-us-central1-generateThumbnail-7a93c67f-91d7-4af7-9e9e-8a5111a5f336]: exited"}}
[debug] [2022-06-18T16:13:00.518Z] [worker-us-central1-generateThumbnail-7a93c67f-91d7-4af7-9e9e-8a5111a5f336]: FINISHED {"metadata":{"emulator":{"name":"functions"},"message":"[worker-us-central1-generateThumbnail-7a93c67f-91d7-4af7-9e9e-8a5111a5f336]: FINISHED"}}
[debug] [2022-06-18T16:14:30.597Z] >>> [apiv2][query] POST http://localhost:5001/functions/projects/myfavorites-17746/trigger_multicast [none]
[debug] [2022-06-18T16:14:30.597Z] >>> [apiv2][body] POST http://localhost:5001/functions/projects/myfavorites-17746/trigger_multicast {"eventId":"1655568870597","timestamp":"2022-06-19T00:14:30.597Z","eventType":"google.storage.object.finalize","resource":{"service":"storage.googleapis.com","name":"projects/_/buckets/myfavorites-17746.appspot.com/objects/images/80e54c1c-364f-4955-9b89-0a83db8bcff1-Banana-Single.jpg","type":"storage#object"},"data":{"kind":"#storage#object","name":"images/80e54c1c-364f-4955-9b89-0a83db8bcff1-Banana-Single.jpg","bucket":"myfavorites-17746.appspot.com","generation":"1655568870555","metageneration":"1","contentType":"image/jpeg","contentDisposition":"inline","timeCreated":"2022-06-19T00:14:30.554Z","updated":"2022-06-19T00:14:30.563Z","storageClass":"STANDARD","size":"2085213","md5Hash":"PL9psEL4DmSkBNPiNWcYmQ==","etag":"IHqAo6dn6kf0eGBNmqxq4yCEEXU","cacheControl":"public, max-age=3600","contentEncoding":"identity","crc32c":"----Sw==","timeStorageClassUpdated":"2022-06-19T00:14:30.554Z","id":"myfavorites-17746.appspot.com/images/80e54c1c-364f-4955-9b89-0a83db8bcff1-Banana-Single.jpg/1655568870555","selfLink":"http://localhost:9199/storage/v1/b/myfavorites-17746.appspot.com/o/images%2F80e54c1c-364f-4955-9b89-0a83db8bcff1-Banana-Single.jpg","mediaLink":"http://localhost:9199/download/storage/v1/b/myfavorites-17746.appspot.com/o/images%2F80e54c1c-364f-4955-9b89-0a83db8bcff1-Banana-Single.jpg?generation=1655568870555&alt=media"}}
[debug] [2022-06-18T16:14:30.608Z] [work-queue] {"queueLength":1,"workRunningCount":0}
[debug] [2022-06-18T16:14:30.609Z] [work-queue] {"queueLength":0,"workRunningCount":1}
[debug] [2022-06-18T16:14:30.609Z] Accepted multicast request POST /functions/projects/myfavorites-17746/trigger_multicast --> us-central1-generateThumbnail-0 {"metadata":{"emulator":{"name":"functions"},"message":"Accepted multicast request POST /functions/projects/myfavorites-17746/trigger_multicast --> us-central1-generateThumbnail-0"}}
[debug] [2022-06-18T16:14:30.609Z] [worker-pool] Cleaned up workers for us-central1-generateThumbnail: 1 --> 0 {"metadata":{"emulator":{"name":"functions"},"message":"[worker-pool] Cleaned up workers for us-central1-generateThumbnail: 1 --> 0"}}
[debug] [2022-06-18T16:14:30.618Z] [worker-pool] addWorker(us-central1-generateThumbnail) {"metadata":{"emulator":{"name":"functions"},"message":"[worker-pool] addWorker(us-central1-generateThumbnail)"}}
[debug] [2022-06-18T16:14:30.618Z] [worker-pool] Adding worker with key us-central1-generateThumbnail, total=1 {"metadata":{"emulator":{"name":"functions"},"message":"[worker-pool] Adding worker with key us-central1-generateThumbnail, total=1"}}
[debug] [2022-06-18T16:14:30.618Z] [worker-pool] submitWork(triggerId=us-central1-generateThumbnail) {"metadata":{"emulator":{"name":"functions"},"message":"[worker-pool] submitWork(triggerId=us-central1-generateThumbnail)"}}
[debug] [2022-06-18T16:14:30.618Z] [worker-us-central1-generateThumbnail-61c75915-0dfa-4c1d-876f-472d5956893b]: Assigning socketPath: \\?\pipe\C:\Users\renzo\Documents\Code\favourite-dishes\functions\8932 {"metadata":{"emulator":{"name":"functions"},"message":"[worker-us-central1-generateThumbnail-61c75915-0dfa-4c1d-876f-472d5956893b]: Assigning socketPath: \\\\?\\pipe\\C:\\Users\\renzo\\Documents\\Code\\favourite-dishes\\functions\\8932"}}
[debug] [2022-06-18T16:14:30.618Z] [worker-us-central1-generateThumbnail-61c75915-0dfa-4c1d-876f-472d5956893b]: BUSY {"metadata":{"emulator":{"name":"functions"},"message":"[worker-us-central1-generateThumbnail-61c75915-0dfa-4c1d-876f-472d5956893b]: BUSY"}}
[debug] [2022-06-18T16:14:30.620Z] <<< [apiv2][status] POST http://localhost:5001/functions/projects/myfavorites-17746/trigger_multicast 200
[debug] [2022-06-18T16:14:30.620Z] <<< [apiv2][body] POST http://localhost:5001/functions/projects/myfavorites-17746/trigger_multicast {"status":"multicast_acknowledged"}
[debug] [2022-06-18T16:14:30.621Z] >>> [apiv2][query] POST http://localhost:5001/functions/projects/myfavorites-17746/trigger_multicast [none]
[debug] [2022-06-18T16:14:30.621Z] >>> [apiv2][body] POST http://localhost:5001/functions/projects/myfavorites-17746/trigger_multicast {"specversion":"1","id":"eb6651b9-2c69-46b5-932b-6abb9e64cff7","type":"google.cloud.storage.object.v1.finalized","source":"//storage.googleapis.com/projects/_/buckets/myfavorites-17746.appspot.com/objects/images/80e54c1c-364f-4955-9b89-0a83db8bcff1-Banana-Single.jpg","time":"2022-06-19T00:14:30.563Z","data":{"kind":"#storage#object","name":"images/80e54c1c-364f-4955-9b89-0a83db8bcff1-Banana-Single.jpg","bucket":"myfavorites-17746.appspot.com","generation":"1655568870555","metageneration":"1","contentType":"image/jpeg","contentDisposition":"inline","timeCreated":"2022-06-19T00:14:30.554Z","updated":"2022-06-19T00:14:30.563Z","storageClass":"STANDARD","size":"2085213","md5Hash":"PL9psEL4DmSkBNPiNWcYmQ==","etag":"IHqAo6dn6kf0eGBNmqxq4yCEEXU","cacheControl":"public, max-age=3600","contentEncoding":"identity","crc32c":"----Sw==","timeStorageClassUpdated":"2022-06-19T00:14:30.554Z","id":"myfavorites-17746.appspot.com/images/80e54c1c-364f-4955-9b89-0a83db8bcff1-Banana-Single.jpg/1655568870555","selfLink":"http://localhost:9199/storage/v1/b/myfavorites-17746.appspot.com/o/images%2F80e54c1c-364f-4955-9b89-0a83db8bcff1-Banana-Single.jpg","mediaLink":"http://localhost:9199/download/storage/v1/b/myfavorites-17746.appspot.com/o/images%2F80e54c1c-364f-4955-9b89-0a83db8bcff1-Banana-Single.jpg?generation=1655568870555&alt=media"}}
[debug] [2022-06-18T16:14:30.627Z] <<< [apiv2][status] POST http://localhost:5001/functions/projects/myfavorites-17746/trigger_multicast 200
[debug] [2022-06-18T16:14:30.627Z] <<< [apiv2][body] POST http://localhost:5001/functions/projects/myfavorites-17746/trigger_multicast {"status":"multicast_acknowledged"}
[debug] [2022-06-18T16:14:32.888Z] [runtime-status] [8932] Functions runtime initialized. {"cwd":"C:\\Users\\renzo\\Documents\\Code\\favourite-dishes\\functions","node_version":"16.14.0"} {"metadata":{"emulator":{"name":"functions"},"function":{"name":"us-central1-generateThumbnail"},"extension":{},"message":"[runtime-status] [8932] Functions runtime initialized. {\"cwd\":\"C:\\\\Users\\\\renzo\\\\Documents\\\\Code\\\\favourite-dishes\\\\functions\",\"node_version\":\"16.14.0\"}"}}
[debug] [2022-06-18T16:14:32.890Z] [runtime-status] [8932] Disabled runtime features: undefined {"metadata":{"emulator":{"name":"functions"},"function":{"name":"us-central1-generateThumbnail"},"extension":{},"message":"[runtime-status] [8932] Disabled runtime features: undefined"}}
[debug] [2022-06-18T16:14:32.896Z] [runtime-status] [8932] Resolved module firebase-admin {"declared":true,"installed":true,"version":"10.3.0","resolution":"C:\\Users\\renzo\\Documents\\Code\\favourite-dishes\\functions\\node_modules\\firebase-admin\\lib\\index.js"} {"metadata":{"emulator":{"name":"functions"},"function":{"name":"us-central1-generateThumbnail"},"extension":{},"message":"[runtime-status] [8932] Resolved module firebase-admin {\"declared\":true,\"installed\":true,\"version\":\"10.3.0\",\"resolution\":\"C:\\\\Users\\\\renzo\\\\Documents\\\\Code\\\\favourite-dishes\\\\functions\\\\node_modules\\\\firebase-admin\\\\lib\\\\index.js\"}"}}
[debug] [2022-06-18T16:14:32.899Z] [runtime-status] [8932] Resolved module firebase-functions {"declared":true,"installed":true,"version":"3.21.2","resolution":"C:\\Users\\renzo\\Documents\\Code\\favourite-dishes\\functions\\node_modules\\firebase-functions\\lib\\index.js"} {"metadata":{"emulator":{"name":"functions"},"function":{"name":"us-central1-generateThumbnail"},"extension":{},"message":"[runtime-status] [8932] Resolved module firebase-functions {\"declared\":true,\"installed\":true,\"version\":\"3.21.2\",\"resolution\":\"C:\\\\Users\\\\renzo\\\\Documents\\\\Code\\\\favourite-dishes\\\\functions\\\\node_modules\\\\firebase-functions\\\\lib\\\\index.js\"}"}}
[debug] [2022-06-18T16:14:32.899Z] [runtime-status] [8932] Outgoing network have been stubbed. [{"name":"http","status":"mocked"},{"name":"http","status":"mocked"},{"name":"https","status":"mocked"},{"name":"https","status":"mocked"},{"name":"net","status":"mocked"}] {"metadata":{"emulator":{"name":"functions"},"function":{"name":"us-central1-generateThumbnail"},"extension":{},"message":"[runtime-status] [8932] Outgoing network have been stubbed. [{\"name\":\"http\",\"status\":\"mocked\"},{\"name\":\"http\",\"status\":\"mocked\"},{\"name\":\"https\",\"status\":\"mocked\"},{\"name\":\"https\",\"status\":\"mocked\"},{\"name\":\"net\",\"status\":\"mocked\"}]"}}
[debug] [2022-06-18T16:14:32.900Z] [runtime-status] [8932] Resolved module firebase-functions {"declared":true,"installed":true,"version":"3.21.2","resolution":"C:\\Users\\renzo\\Documents\\Code\\favourite-dishes\\functions\\node_modules\\firebase-functions\\lib\\index.js"} {"metadata":{"emulator":{"name":"functions"},"function":{"name":"us-central1-generateThumbnail"},"extension":{},"message":"[runtime-status] [8932] Resolved module firebase-functions {\"declared\":true,\"installed\":true,\"version\":\"3.21.2\",\"resolution\":\"C:\\\\Users\\\\renzo\\\\Documents\\\\Code\\\\favourite-dishes\\\\functions\\\\node_modules\\\\firebase-functions\\\\lib\\\\index.js\"}"}}
[debug] [2022-06-18T16:14:32.962Z] [runtime-status] [8932] Checked functions.config() {"config":{}} {"metadata":{"emulator":{"name":"functions"},"function":{"name":"us-central1-generateThumbnail"},"extension":{},"message":"[runtime-status] [8932] Checked functions.config() {\"config\":{}}"}}
[debug] [2022-06-18T16:14:32.963Z] [runtime-status] [8932] firebase-functions has been stubbed. {"functionsResolution":{"declared":true,"installed":true,"version":"3.21.2","resolution":"C:\\Users\\renzo\\Documents\\Code\\favourite-dishes\\functions\\node_modules\\firebase-functions\\lib\\index.js"}} {"metadata":{"emulator":{"name":"functions"},"function":{"name":"us-central1-generateThumbnail"},"extension":{},"message":"[runtime-status] [8932] firebase-functions has been stubbed. {\"functionsResolution\":{\"declared\":true,\"installed\":true,\"version\":\"3.21.2\",\"resolution\":\"C:\\\\Users\\\\renzo\\\\Documents\\\\Code\\\\favourite-dishes\\\\functions\\\\node_modules\\\\firebase-functions\\\\lib\\\\index.js\"}}"}}
[debug] [2022-06-18T16:14:32.964Z] [runtime-status] [8932] Resolved module firebase-functions {"declared":true,"installed":true,"version":"3.21.2","resolution":"C:\\Users\\renzo\\Documents\\Code\\favourite-dishes\\functions\\node_modules\\firebase-functions\\lib\\index.js"} {"metadata":{"emulator":{"name":"functions"},"function":{"name":"us-central1-generateThumbnail"},"extension":{},"message":"[runtime-status] [8932] Resolved module firebase-functions {\"declared\":true,\"installed\":true,\"version\":\"3.21.2\",\"resolution\":\"C:\\\\Users\\\\renzo\\\\Documents\\\\Code\\\\favourite-dishes\\\\functions\\\\node_modules\\\\firebase-functions\\\\lib\\\\index.js\"}"}}
[debug] [2022-06-18T16:14:32.966Z] [runtime-status] [8932] Resolved module firebase-admin {"declared":true,"installed":true,"version":"10.3.0","resolution":"C:\\Users\\renzo\\Documents\\Code\\favourite-dishes\\functions\\node_modules\\firebase-admin\\lib\\index.js"} {"metadata":{"emulator":{"name":"functions"},"function":{"name":"us-central1-generateThumbnail"},"extension":{},"message":"[runtime-status] [8932] Resolved module firebase-admin {\"declared\":true,\"installed\":true,\"version\":\"10.3.0\",\"resolution\":\"C:\\\\Users\\\\renzo\\\\Documents\\\\Code\\\\favourite-dishes\\\\functions\\\\node_modules\\\\firebase-admin\\\\lib\\\\index.js\"}"}}
[debug] [2022-06-18T16:14:32.967Z] [runtime-status] [8932] Resolved module firebase-functions {"declared":true,"installed":true,"version":"3.21.2","resolution":"C:\\Users\\renzo\\Documents\\Code\\favourite-dishes\\functions\\node_modules\\firebase-functions\\lib\\index.js"} {"metadata":{"emulator":{"name":"functions"},"function":{"name":"us-central1-generateThumbnail"},"extension":{},"message":"[runtime-status] [8932] Resolved module firebase-functions {\"declared\":true,\"installed\":true,\"version\":\"3.21.2\",\"resolution\":\"C:\\\\Users\\\\renzo\\\\Documents\\\\Code\\\\favourite-dishes\\\\functions\\\\node_modules\\\\firebase-functions\\\\lib\\\\index.js\"}"}}
[debug] [2022-06-18T16:14:32.967Z] [runtime-status] [8932] firebase-admin has been stubbed. {"adminResolution":{"declared":true,"installed":true,"version":"10.3.0","resolution":"C:\\Users\\renzo\\Documents\\Code\\favourite-dishes\\functions\\node_modules\\firebase-admin\\lib\\index.js"}} {"metadata":{"emulator":{"name":"functions"},"function":{"name":"us-central1-generateThumbnail"},"extension":{},"message":"[runtime-status] [8932] firebase-admin has been stubbed. {\"adminResolution\":{\"declared\":true,\"installed\":true,\"version\":\"10.3.0\",\"resolution\":\"C:\\\\Users\\\\renzo\\\\Documents\\\\Code\\\\favourite-dishes\\\\functions\\\\node_modules\\\\firebase-admin\\\\lib\\\\index.js\"}}"}}
[debug] [2022-06-18T16:14:32.975Z] [runtime-status] [8932] initializeApp(DEFAULT) {"storageBucket":"myfavorites-17746.appspot.com","projectId":"myfavorites-17746"} {"metadata":{"emulator":{"name":"functions"},"function":{"name":"us-central1-generateThumbnail"},"extension":{},"message":"[runtime-status] [8932] initializeApp(DEFAULT) {\"storageBucket\":\"myfavorites-17746.appspot.com\",\"projectId\":\"myfavorites-17746\"}"}}
[debug] [2022-06-18T16:14:32.993Z] [runtime-status] [8932] Beginning invocation function generateThumbnail! {"metadata":{"emulator":{"name":"functions"},"function":{"name":"us-central1-generateThumbnail"},"extension":{},"message":"[runtime-status] [8932] Beginning invocation function generateThumbnail!"}}
[info] i  functions: Beginning execution of "generateThumbnail" {"metadata":{"emulator":{"name":"functions"},"function":{"name":"us-central1-generateThumbnail"},"extension":{},"message":"Beginning execution of \"generateThumbnail\""}}
[debug] [2022-06-18T16:14:32.994Z] [runtime-status] [8932] Running generateThumbnail in signature event {"metadata":{"emulator":{"name":"functions"},"function":{"name":"us-central1-generateThumbnail"},"extension":{},"message":"[runtime-status] [8932] Running generateThumbnail in signature event"}}
[debug] [2022-06-18T16:14:32.995Z] [runtime-status] [8932] ProcessBackground {"eventId":"1655568870597","timestamp":"2022-06-19T00:14:30.597Z","eventType":"google.storage.object.finalize","resource":{"service":"storage.googleapis.com","name":"projects/_/buckets/myfavorites-17746.appspot.com/objects/images/80e54c1c-364f-4955-9b89-0a83db8bcff1-Banana-Single.jpg","type":"storage#object"},"data":{"kind":"#storage#object","name":"images/80e54c1c-364f-4955-9b89-0a83db8bcff1-Banana-Single.jpg","bucket":"myfavorites-17746.appspot.com","generation":"1655568870555","metageneration":"1","contentType":"image/jpeg","contentDisposition":"inline","timeCreated":"2022-06-19T00:14:30.554Z","updated":"2022-06-19T00:14:30.563Z","storageClass":"STANDARD","size":"2085213","md5Hash":"PL9psEL4DmSkBNPiNWcYmQ==","etag":"IHqAo6dn6kf0eGBNmqxq4yCEEXU","cacheControl":"public, max-age=3600","contentEncoding":"identity","crc32c":"----Sw==","timeStorageClassUpdated":"2022-06-19T00:14:30.554Z","id":"myfavorites-17746.appspot.com/images/80e54c1c-364f-4955-9b89-0a83db8bcff1-Banana-Single.jpg/1655568870555","selfLink":"http://localhost:9199/storage/v1/b/myfavorites-17746.appspot.com/o/images%2F80e54c1c-364f-4955-9b89-0a83db8bcff1-Banana-Single.jpg","mediaLink":"http://localhost:9199/download/storage/v1/b/myfavorites-17746.appspot.com/o/images%2F80e54c1c-364f-4955-9b89-0a83db8bcff1-Banana-Single.jpg?generation=1655568870555&alt=media"}} {"metadata":{"emulator":{"name":"functions"},"function":{"name":"us-central1-generateThumbnail"},"extension":{},"message":"[runtime-status] [8932] ProcessBackground {\"eventId\":\"1655568870597\",\"timestamp\":\"2022-06-19T00:14:30.597Z\",\"eventType\":\"google.storage.object.finalize\",\"resource\":{\"service\":\"storage.googleapis.com\",\"name\":\"projects/_/buckets/myfavorites-17746.appspot.com/objects/images/80e54c1c-364f-4955-9b89-0a83db8bcff1-Banana-Single.jpg\",\"type\":\"storage#object\"},\"data\":{\"kind\":\"#storage#object\",\"name\":\"images/80e54c1c-364f-4955-9b89-0a83db8bcff1-Banana-Single.jpg\",\"bucket\":\"myfavorites-17746.appspot.com\",\"generation\":\"1655568870555\",\"metageneration\":\"1\",\"contentType\":\"image/jpeg\",\"contentDisposition\":\"inline\",\"timeCreated\":\"2022-06-19T00:14:30.554Z\",\"updated\":\"2022-06-19T00:14:30.563Z\",\"storageClass\":\"STANDARD\",\"size\":\"2085213\",\"md5Hash\":\"PL9psEL4DmSkBNPiNWcYmQ==\",\"etag\":\"IHqAo6dn6kf0eGBNmqxq4yCEEXU\",\"cacheControl\":\"public, max-age=3600\",\"contentEncoding\":\"identity\",\"crc32c\":\"----Sw==\",\"timeStorageClassUpdated\":\"2022-06-19T00:14:30.554Z\",\"id\":\"myfavorites-17746.appspot.com/images/80e54c1c-364f-4955-9b89-0a83db8bcff1-Banana-Single.jpg/1655568870555\",\"selfLink\":\"http://localhost:9199/storage/v1/b/myfavorites-17746.appspot.com/o/images%2F80e54c1c-364f-4955-9b89-0a83db8bcff1-Banana-Single.jpg\",\"mediaLink\":\"http://localhost:9199/download/storage/v1/b/myfavorites-17746.appspot.com/o/images%2F80e54c1c-364f-4955-9b89-0a83db8bcff1-Banana-Single.jpg?generation=1655568870555&alt=media\"}}"}}
[debug] [2022-06-18T16:14:32.995Z] [runtime-status] [8932] RunBackground {"data":{"kind":"#storage#object","name":"images/80e54c1c-364f-4955-9b89-0a83db8bcff1-Banana-Single.jpg","bucket":"myfavorites-17746.appspot.com","generation":"1655568870555","metageneration":"1","contentType":"image/jpeg","contentDisposition":"inline","timeCreated":"2022-06-19T00:14:30.554Z","updated":"2022-06-19T00:14:30.563Z","storageClass":"STANDARD","size":"2085213","md5Hash":"PL9psEL4DmSkBNPiNWcYmQ==","etag":"IHqAo6dn6kf0eGBNmqxq4yCEEXU","cacheControl":"public, max-age=3600","contentEncoding":"identity","crc32c":"----Sw==","timeStorageClassUpdated":"2022-06-19T00:14:30.554Z","id":"myfavorites-17746.appspot.com/images/80e54c1c-364f-4955-9b89-0a83db8bcff1-Banana-Single.jpg/1655568870555","selfLink":"http://localhost:9199/storage/v1/b/myfavorites-17746.appspot.com/o/images%2F80e54c1c-364f-4955-9b89-0a83db8bcff1-Banana-Single.jpg","mediaLink":"http://localhost:9199/download/storage/v1/b/myfavorites-17746.appspot.com/o/images%2F80e54c1c-364f-4955-9b89-0a83db8bcff1-Banana-Single.jpg?generation=1655568870555&alt=media"},"context":{"eventId":"1655568870597","timestamp":"2022-06-19T00:14:30.597Z","eventType":"google.storage.object.finalize","resource":{"service":"storage.googleapis.com","name":"projects/_/buckets/myfavorites-17746.appspot.com/objects/images/80e54c1c-364f-4955-9b89-0a83db8bcff1-Banana-Single.jpg","type":"storage#object"}}} {"metadata":{"emulator":{"name":"functions"},"function":{"name":"us-central1-generateThumbnail"},"extension":{},"message":"[runtime-status] [8932] RunBackground {\"data\":{\"kind\":\"#storage#object\",\"name\":\"images/80e54c1c-364f-4955-9b89-0a83db8bcff1-Banana-Single.jpg\",\"bucket\":\"myfavorites-17746.appspot.com\",\"generation\":\"1655568870555\",\"metageneration\":\"1\",\"contentType\":\"image/jpeg\",\"contentDisposition\":\"inline\",\"timeCreated\":\"2022-06-19T00:14:30.554Z\",\"updated\":\"2022-06-19T00:14:30.563Z\",\"storageClass\":\"STANDARD\",\"size\":\"2085213\",\"md5Hash\":\"PL9psEL4DmSkBNPiNWcYmQ==\",\"etag\":\"IHqAo6dn6kf0eGBNmqxq4yCEEXU\",\"cacheControl\":\"public, max-age=3600\",\"contentEncoding\":\"identity\",\"crc32c\":\"----Sw==\",\"timeStorageClassUpdated\":\"2022-06-19T00:14:30.554Z\",\"id\":\"myfavorites-17746.appspot.com/images/80e54c1c-364f-4955-9b89-0a83db8bcff1-Banana-Single.jpg/1655568870555\",\"selfLink\":\"http://localhost:9199/storage/v1/b/myfavorites-17746.appspot.com/o/images%2F80e54c1c-364f-4955-9b89-0a83db8bcff1-Banana-Single.jpg\",\"mediaLink\":\"http://localhost:9199/download/storage/v1/b/myfavorites-17746.appspot.com/o/images%2F80e54c1c-364f-4955-9b89-0a83db8bcff1-Banana-Single.jpg?generation=1655568870555&alt=media\"},\"context\":{\"eventId\":\"1655568870597\",\"timestamp\":\"2022-06-19T00:14:30.597Z\",\"eventType\":\"google.storage.object.finalize\",\"resource\":{\"service\":\"storage.googleapis.com\",\"name\":\"projects/_/buckets/myfavorites-17746.appspot.com/objects/images/80e54c1c-364f-4955-9b89-0a83db8bcff1-Banana-Single.jpg\",\"type\":\"storage#object\"}}}"}}
[info] >  {"severity":"INFO","message":"The file has been downloaded to C:\\Users\\renzo\\AppData\\Local\\Temp\\images\\80e54c1c-364f-4955-9b89-0a83db8bcff1-Banana-Single.jpg"} {"user":{"severity":"INFO","message":"The file has been downloaded to C:\\Users\\renzo\\AppData\\Local\\Temp\\images\\80e54c1c-364f-4955-9b89-0a83db8bcff1-Banana-Single.jpg"},"metadata":{"emulator":{"name":"functions"},"function":{"name":"us-central1-generateThumbnail"},"extension":{},"message":"\u001b[90m> \u001b[39m {\"severity\":\"INFO\",\"message\":\"The file has been downloaded to C:\\\\Users\\\\renzo\\\\AppData\\\\Local\\\\Temp\\\\images\\\\80e54c1c-364f-4955-9b89-0a83db8bcff1-Banana-Single.jpg\"}"}}
[debug] [2022-06-18T16:14:33.392Z] [runtime-status] [8932] Ephemeral server survived. {"metadata":{"emulator":{"name":"functions"},"function":{"name":"us-central1-generateThumbnail"},"extension":{},"message":"[runtime-status] [8932] Ephemeral server survived."}}
[warn] !  functions: ChildProcessError: `convert C:\Users\renzo\AppData\Local\Temp\images\80e54c1c-364f-4955-9b89-0a83db8bcff1-Banana-Single.jpg -thumbnail 200x200> C:\Users\renzo\AppData\Local\Temp\images\thumb_80e54c1c-364f-4955-9b89-0a83db8bcff1-Banana-Single.jpg` failed with code 4
    at ChildProcess.<anonymous> (C:\Users\renzo\Documents\Code\favourite-dishes\functions\node_modules\child-process-promise\lib\index.js:132:23)
    at ChildProcess.emit (node:events:520:28)
    at ChildProcess.cp.emit (C:\Users\renzo\Documents\Code\favourite-dishes\functions\node_modules\cross-spawn\lib\enoent.js:40:29)
    at maybeClose (node:internal/child_process:1092:16)
    at Process.ChildProcess._handle.onexit (node:internal/child_process:302:5) {"metadata":{"emulator":{"name":"functions"},"function":{"name":"us-central1-generateThumbnail"},"extension":{},"message":"ChildProcessError: `convert C:\\Users\\renzo\\AppData\\Local\\Temp\\images\\80e54c1c-364f-4955-9b89-0a83db8bcff1-Banana-Single.jpg -thumbnail 200x200> C:\\Users\\renzo\\AppData\\Local\\Temp\\images\\thumb_80e54c1c-364f-4955-9b89-0a83db8bcff1-Banana-Single.jpg` failed with code 4\n    at ChildProcess.<anonymous> (C:\\Users\\renzo\\Documents\\Code\\favourite-dishes\\functions\\node_modules\\child-process-promise\\lib\\index.js:132:23)\n    at ChildProcess.emit (node:events:520:28)\n    at ChildProcess.cp.emit (C:\\Users\\renzo\\Documents\\Code\\favourite-dishes\\functions\\node_modules\\cross-spawn\\lib\\enoent.js:40:29)\n    at maybeClose (node:internal/child_process:1092:16)\n    at Process.ChildProcess._handle.onexit (node:internal/child_process:302:5)"}}
[warn] !  Your function was killed because it raised an unhandled error. {"metadata":{"emulator":{"name":"functions"},"function":{"name":"us-central1-generateThumbnail"},"extension":{},"message":"Your function was killed because it raised an unhandled error."}}
[debug] {"code":500,"body":"ChildProcessError: `convert C:\\Users\\renzo\\AppData\\Local\\Temp\\images\\80e54c1c-364f-4955-9b89-0a83db8bcff1-Banana-Single.jpg -thumbnail 200x200> C:\\Users\\renzo\\AppData\\Local\\Temp\\images\\thumb_80e54c1c-364f-4955-9b89-0a83db8bcff1-Banana-Single.jpg` failed with code 4\n    at ChildProcess.<anonymous> (C:\\Users\\renzo\\Documents\\Code\\favourite-dishes\\functions\\node_modules\\child-process-promise\\lib\\index.js:132:23)\n    at ChildProcess.emit (node:events:520:28)\n    at ChildProcess.cp.emit (C:\\Users\\renzo\\Documents\\Code\\favourite-dishes\\functions\\node_modules\\cross-spawn\\lib\\enoent.js:40:29)\n    at maybeClose (node:internal/child_process:1092:16)\n    at Process.ChildProcess._handle.onexit (node:internal/child_process:302:5)"} {"metadata":{"emulator":{"name":"functions"},"message":{"code":500,"body":"ChildProcessError: `convert C:\\Users\\renzo\\AppData\\Local\\Temp\\images\\80e54c1c-364f-4955-9b89-0a83db8bcff1-Banana-Single.jpg -thumbnail 200x200> C:\\Users\\renzo\\AppData\\Local\\Temp\\images\\thumb_80e54c1c-364f-4955-9b89-0a83db8bcff1-Banana-Single.jpg` failed with code 4\n    at ChildProcess.<anonymous> (C:\\Users\\renzo\\Documents\\Code\\favourite-dishes\\functions\\node_modules\\child-process-promise\\lib\\index.js:132:23)\n    at ChildProcess.emit (node:events:520:28)\n    at ChildProcess.cp.emit (C:\\Users\\renzo\\Documents\\Code\\favourite-dishes\\functions\\node_modules\\cross-spawn\\lib\\enoent.js:40:29)\n    at maybeClose (node:internal/child_process:1092:16)\n    at Process.ChildProcess._handle.onexit (node:internal/child_process:302:5)"}}}
[debug] [2022-06-18T16:14:33.395Z] [work-queue] {"queueLength":0,"workRunningCount":0}
[debug] [2022-06-18T16:14:33.407Z] [worker-us-central1-generateThumbnail-61c75915-0dfa-4c1d-876f-472d5956893b]: exited {"metadata":{"emulator":{"name":"functions"},"message":"[worker-us-central1-generateThumbnail-61c75915-0dfa-4c1d-876f-472d5956893b]: exited"}}
[debug] [2022-06-18T16:14:33.407Z] [worker-us-central1-generateThumbnail-61c75915-0dfa-4c1d-876f-472d5956893b]: FINISHED {"metadata":{"emulator":{"name":"functions"},"message":"[worker-us-central1-generateThumbnail-61c75915-0dfa-4c1d-876f-472d5956893b]: FINISHED"}}
[debug] [2022-06-18T16:15:16.146Z] >>> [apiv2][query] POST http://localhost:5001/functions/projects/myfavorites-17746/trigger_multicast [none]
[debug] [2022-06-18T16:15:16.146Z] >>> [apiv2][body] POST http://localhost:5001/functions/projects/myfavorites-17746/trigger_multicast {"eventId":"1655568916146","timestamp":"2022-06-19T00:15:16.146Z","eventType":"google.storage.object.delete","resource":{"service":"storage.googleapis.com","name":"projects/_/buckets/myfavorites-17746.appspot.com/objects/images/1498da24-9e48-4195-ba72-c27d6b565102-Banana-Single.jpg","type":"storage#object"},"data":{"kind":"#storage#object","name":"images/1498da24-9e48-4195-ba72-c27d6b565102-Banana-Single.jpg","bucket":"myfavorites-17746.appspot.com","generation":"1655568777838","metageneration":"1","contentType":"image/jpeg","contentDisposition":"inline","timeCreated":"2022-06-19T00:12:57.837Z","updated":"2022-06-19T00:12:57.848Z","storageClass":"STANDARD","size":"2085213","md5Hash":"PL9psEL4DmSkBNPiNWcYmQ==","etag":"Hri+tFjqsDQCwpHmInLj9NjKD/s","metadata":{"firebaseStorageDownloadTokens":"71eb3ef5-752b-410f-b0c4-a6a14902b9aa"},"cacheControl":"public, max-age=3600","contentEncoding":"identity","crc32c":"----Sw==","timeStorageClassUpdated":"2022-06-19T00:12:57.837Z","id":"myfavorites-17746.appspot.com/images/1498da24-9e48-4195-ba72-c27d6b565102-Banana-Single.jpg/1655568777838","selfLink":"http://localhost:9199/storage/v1/b/myfavorites-17746.appspot.com/o/images%2F1498da24-9e48-4195-ba72-c27d6b565102-Banana-Single.jpg","mediaLink":"http://localhost:9199/download/storage/v1/b/myfavorites-17746.appspot.com/o/images%2F1498da24-9e48-4195-ba72-c27d6b565102-Banana-Single.jpg?generation=1655568777838&alt=media"}}
[debug] [2022-06-18T16:15:16.149Z] >>> [apiv2][query] POST http://localhost:5001/functions/projects/myfavorites-17746/trigger_multicast [none]
[debug] [2022-06-18T16:15:16.150Z] >>> [apiv2][body] POST http://localhost:5001/functions/projects/myfavorites-17746/trigger_multicast {"eventId":"1655568916149","timestamp":"2022-06-19T00:15:16.149Z","eventType":"google.storage.object.delete","resource":{"service":"storage.googleapis.com","name":"projects/_/buckets/myfavorites-17746.appspot.com/objects/images/80e54c1c-364f-4955-9b89-0a83db8bcff1-Banana-Single.jpg","type":"storage#object"},"data":{"kind":"#storage#object","name":"images/80e54c1c-364f-4955-9b89-0a83db8bcff1-Banana-Single.jpg","bucket":"myfavorites-17746.appspot.com","generation":"1655568870555","metageneration":"1","contentType":"image/jpeg","contentDisposition":"inline","timeCreated":"2022-06-19T00:14:30.554Z","updated":"2022-06-19T00:14:30.563Z","storageClass":"STANDARD","size":"2085213","md5Hash":"PL9psEL4DmSkBNPiNWcYmQ==","etag":"IHqAo6dn6kf0eGBNmqxq4yCEEXU","metadata":{"firebaseStorageDownloadTokens":"f305b04f-63b2-452f-a045-26e990312c75"},"cacheControl":"public, max-age=3600","contentEncoding":"identity","crc32c":"----Sw==","timeStorageClassUpdated":"2022-06-19T00:14:30.554Z","id":"myfavorites-17746.appspot.com/images/80e54c1c-364f-4955-9b89-0a83db8bcff1-Banana-Single.jpg/1655568870555","selfLink":"http://localhost:9199/storage/v1/b/myfavorites-17746.appspot.com/o/images%2F80e54c1c-364f-4955-9b89-0a83db8bcff1-Banana-Single.jpg","mediaLink":"http://localhost:9199/download/storage/v1/b/myfavorites-17746.appspot.com/o/images%2F80e54c1c-364f-4955-9b89-0a83db8bcff1-Banana-Single.jpg?generation=1655568870555&alt=media"}}
[debug] [2022-06-18T16:15:16.157Z] <<< [apiv2][status] POST http://localhost:5001/functions/projects/myfavorites-17746/trigger_multicast 200
[debug] [2022-06-18T16:15:16.158Z] <<< [apiv2][body] POST http://localhost:5001/functions/projects/myfavorites-17746/trigger_multicast {"status":"multicast_acknowledged"}
[debug] [2022-06-18T16:15:16.158Z] >>> [apiv2][query] POST http://localhost:5001/functions/projects/myfavorites-17746/trigger_multicast [none]
[debug] [2022-06-18T16:15:16.158Z] >>> [apiv2][body] POST http://localhost:5001/functions/projects/myfavorites-17746/trigger_multicast {"specversion":"1","id":"67dc5237-e344-4f3e-8450-df73eca7bccc","type":"google.cloud.storage.object.v1.deleted","source":"//storage.googleapis.com/projects/_/buckets/myfavorites-17746.appspot.com/objects/images/1498da24-9e48-4195-ba72-c27d6b565102-Banana-Single.jpg","time":"2022-06-19T00:12:57.848Z","data":{"kind":"#storage#object","name":"images/1498da24-9e48-4195-ba72-c27d6b565102-Banana-Single.jpg","bucket":"myfavorites-17746.appspot.com","generation":"1655568777838","metageneration":"1","contentType":"image/jpeg","contentDisposition":"inline","timeCreated":"2022-06-19T00:12:57.837Z","updated":"2022-06-19T00:12:57.848Z","storageClass":"STANDARD","size":"2085213","md5Hash":"PL9psEL4DmSkBNPiNWcYmQ==","etag":"Hri+tFjqsDQCwpHmInLj9NjKD/s","metadata":{"firebaseStorageDownloadTokens":"71eb3ef5-752b-410f-b0c4-a6a14902b9aa"},"cacheControl":"public, max-age=3600","contentEncoding":"identity","crc32c":"----Sw==","timeStorageClassUpdated":"2022-06-19T00:12:57.837Z","id":"myfavorites-17746.appspot.com/images/1498da24-9e48-4195-ba72-c27d6b565102-Banana-Single.jpg/1655568777838","selfLink":"http://localhost:9199/storage/v1/b/myfavorites-17746.appspot.com/o/images%2F1498da24-9e48-4195-ba72-c27d6b565102-Banana-Single.jpg","mediaLink":"http://localhost:9199/download/storage/v1/b/myfavorites-17746.appspot.com/o/images%2F1498da24-9e48-4195-ba72-c27d6b565102-Banana-Single.jpg?generation=1655568777838&alt=media"}}
[debug] [2022-06-18T16:15:16.160Z] <<< [apiv2][status] POST http://localhost:5001/functions/projects/myfavorites-17746/trigger_multicast 200
[debug] [2022-06-18T16:15:16.160Z] <<< [apiv2][body] POST http://localhost:5001/functions/projects/myfavorites-17746/trigger_multicast {"status":"multicast_acknowledged"}
[debug] [2022-06-18T16:15:16.160Z] >>> [apiv2][query] POST http://localhost:5001/functions/projects/myfavorites-17746/trigger_multicast [none]
[debug] [2022-06-18T16:15:16.160Z] >>> [apiv2][body] POST http://localhost:5001/functions/projects/myfavorites-17746/trigger_multicast {"specversion":"1","id":"0714bc8c-b248-4adb-9f1b-4e62790ce5d3","type":"google.cloud.storage.object.v1.deleted","source":"//storage.googleapis.com/projects/_/buckets/myfavorites-17746.appspot.com/objects/images/80e54c1c-364f-4955-9b89-0a83db8bcff1-Banana-Single.jpg","time":"2022-06-19T00:14:30.563Z","data":{"kind":"#storage#object","name":"images/80e54c1c-364f-4955-9b89-0a83db8bcff1-Banana-Single.jpg","bucket":"myfavorites-17746.appspot.com","generation":"1655568870555","metageneration":"1","contentType":"image/jpeg","contentDisposition":"inline","timeCreated":"2022-06-19T00:14:30.554Z","updated":"2022-06-19T00:14:30.563Z","storageClass":"STANDARD","size":"2085213","md5Hash":"PL9psEL4DmSkBNPiNWcYmQ==","etag":"IHqAo6dn6kf0eGBNmqxq4yCEEXU","metadata":{"firebaseStorageDownloadTokens":"f305b04f-63b2-452f-a045-26e990312c75"},"cacheControl":"public, max-age=3600","contentEncoding":"identity","crc32c":"----Sw==","timeStorageClassUpdated":"2022-06-19T00:14:30.554Z","id":"myfavorites-17746.appspot.com/images/80e54c1c-364f-4955-9b89-0a83db8bcff1-Banana-Single.jpg/1655568870555","selfLink":"http://localhost:9199/storage/v1/b/myfavorites-17746.appspot.com/o/images%2F80e54c1c-364f-4955-9b89-0a83db8bcff1-Banana-Single.jpg","mediaLink":"http://localhost:9199/download/storage/v1/b/myfavorites-17746.appspot.com/o/images%2F80e54c1c-364f-4955-9b89-0a83db8bcff1-Banana-Single.jpg?generation=1655568870555&alt=media"}}
[debug] [2022-06-18T16:15:16.165Z] <<< [apiv2][status] POST http://localhost:5001/functions/projects/myfavorites-17746/trigger_multicast 200
[debug] [2022-06-18T16:15:16.165Z] <<< [apiv2][body] POST http://localhost:5001/functions/projects/myfavorites-17746/trigger_multicast {"status":"multicast_acknowledged"}
[debug] [2022-06-18T16:15:16.167Z] <<< [apiv2][status] POST http://localhost:5001/functions/projects/myfavorites-17746/trigger_multicast 200
[debug] [2022-06-18T16:15:16.167Z] <<< [apiv2][body] POST http://localhost:5001/functions/projects/myfavorites-17746/trigger_multicast {"status":"multicast_acknowledged"}
